=== sprint_13_operator_manual package snippet ===
  adding: outputs.tf (deflated 67%)
  adding: main.tf (deflated 73%)
  adding: versions.tf (deflated 36%)
  adding: README.md (deflated 55%)
  adding: schema.yaml (deflated 74%)
  adding: variables.tf (deflated 73%)
  adding: modules/ (stored 0%)
  adding: modules/fss_stack_sprint12/ (stored 0%)
  adding: modules/fss_stack_sprint12/outputs.tf (deflated 77%)
  adding: modules/fss_stack_sprint12/main.tf (deflated 73%)
  adding: modules/fss_stack_sprint12/versions.tf (deflated 36%)
  adding: modules/fss_stack_sprint12/README.md (deflated 70%)
  adding: modules/fss_stack_sprint12/examples/ (stored 0%)
  adding: modules/fss_stack_sprint12/examples/multi_fss_with_logging/ (stored 0%)
  adding: modules/fss_stack_sprint12/examples/multi_fss_with_logging/main.tf (deflated 69%)
  adding: modules/fss_stack_sprint12/examples/README.md (deflated 41%)
  adding: modules/fss_stack_sprint12/examples/basic_fss/ (stored 0%)
  adding: modules/fss_stack_sprint12/examples/basic_fss/main.tf (deflated 63%)
  adding: modules/fss_stack_sprint12/variables.tf (deflated 68%)
  adding: modules/fss_stack_sprint12/modules/ (stored 0%)
  adding: modules/fss_stack_sprint12/modules/fss_export/ (stored 0%)
  adding: modules/fss_stack_sprint12/modules/fss_export/outputs.tf (deflated 69%)
  adding: modules/fss_stack_sprint12/modules/fss_export/main.tf (deflated 66%)
  adding: modules/fss_stack_sprint12/modules/fss_export/versions.tf (deflated 23%)
  adding: modules/fss_stack_sprint12/modules/fss_export/README.md (deflated 53%)
  adding: modules/fss_stack_sprint12/modules/fss_export/variables.tf (deflated 68%)
  adding: modules/fss_stack_sprint12/modules/fss_mount_target/ (stored 0%)
  adding: modules/fss_stack_sprint12/modules/fss_mount_target/outputs.tf (deflated 75%)
  adding: modules/fss_stack_sprint12/modules/fss_mount_target/main.tf (deflated 59%)
  adding: modules/fss_stack_sprint12/modules/fss_mount_target/versions.tf (deflated 23%)
  adding: modules/fss_stack_sprint12/modules/fss_mount_target/README.md (deflated 59%)
  adding: modules/fss_stack_sprint12/modules/fss_mount_target/variables.tf (deflated 68%)
  adding: modules/fss_stack_sprint12/modules/README.md (deflated 37%)
  adding: modules/fss_stack_sprint12/modules/fss_filesystem/ (stored 0%)
  adding: modules/fss_stack_sprint12/modules/fss_filesystem/outputs.tf (deflated 69%)
  adding: modules/fss_stack_sprint12/modules/fss_filesystem/main.tf (deflated 66%)
  adding: modules/fss_stack_sprint12/modules/fss_filesystem/versions.tf (deflated 23%)
  adding: modules/fss_stack_sprint12/modules/fss_filesystem/README.md (deflated 53%)
  adding: modules/fss_stack_sprint12/modules/fss_filesystem/variables.tf (deflated 72%)
/Users/rstyczynski/projects/OCI_TF_FSS
=== module README package snippet ===
  adding: outputs.tf (deflated 67%)
  adding: main.tf (deflated 73%)
  adding: versions.tf (deflated 36%)
  adding: README.md (deflated 55%)
  adding: schema.yaml (deflated 74%)
  adding: variables.tf (deflated 73%)
  adding: modules/ (stored 0%)
  adding: modules/fss_stack_sprint12/ (stored 0%)
  adding: modules/fss_stack_sprint12/outputs.tf (deflated 77%)
  adding: modules/fss_stack_sprint12/main.tf (deflated 73%)
  adding: modules/fss_stack_sprint12/versions.tf (deflated 36%)
  adding: modules/fss_stack_sprint12/README.md (deflated 70%)
  adding: modules/fss_stack_sprint12/examples/ (stored 0%)
  adding: modules/fss_stack_sprint12/examples/multi_fss_with_logging/ (stored 0%)
  adding: modules/fss_stack_sprint12/examples/multi_fss_with_logging/main.tf (deflated 69%)
  adding: modules/fss_stack_sprint12/examples/README.md (deflated 41%)
  adding: modules/fss_stack_sprint12/examples/basic_fss/ (stored 0%)
  adding: modules/fss_stack_sprint12/examples/basic_fss/main.tf (deflated 63%)
  adding: modules/fss_stack_sprint12/variables.tf (deflated 68%)
  adding: modules/fss_stack_sprint12/modules/ (stored 0%)
  adding: modules/fss_stack_sprint12/modules/fss_export/ (stored 0%)
  adding: modules/fss_stack_sprint12/modules/fss_export/outputs.tf (deflated 69%)
  adding: modules/fss_stack_sprint12/modules/fss_export/main.tf (deflated 66%)
  adding: modules/fss_stack_sprint12/modules/fss_export/versions.tf (deflated 23%)
  adding: modules/fss_stack_sprint12/modules/fss_export/README.md (deflated 53%)
  adding: modules/fss_stack_sprint12/modules/fss_export/variables.tf (deflated 68%)
  adding: modules/fss_stack_sprint12/modules/fss_mount_target/ (stored 0%)
  adding: modules/fss_stack_sprint12/modules/fss_mount_target/outputs.tf (deflated 75%)
  adding: modules/fss_stack_sprint12/modules/fss_mount_target/main.tf (deflated 59%)
  adding: modules/fss_stack_sprint12/modules/fss_mount_target/versions.tf (deflated 23%)
  adding: modules/fss_stack_sprint12/modules/fss_mount_target/README.md (deflated 59%)
  adding: modules/fss_stack_sprint12/modules/fss_mount_target/variables.tf (deflated 68%)
  adding: modules/fss_stack_sprint12/modules/README.md (deflated 37%)
  adding: modules/fss_stack_sprint12/modules/fss_filesystem/ (stored 0%)
  adding: modules/fss_stack_sprint12/modules/fss_filesystem/outputs.tf (deflated 69%)
  adding: modules/fss_stack_sprint12/modules/fss_filesystem/main.tf (deflated 66%)
  adding: modules/fss_stack_sprint12/modules/fss_filesystem/versions.tf (deflated 23%)
  adding: modules/fss_stack_sprint12/modules/fss_filesystem/README.md (deflated 53%)
  adding: modules/fss_stack_sprint12/modules/fss_filesystem/variables.tf (deflated 72%)
/Users/rstyczynski/projects/OCI_TF_FSS
PASS: Sprint 13 package snippets created zip files
